{
  "RSpec": {
    "coverage": {
      "/Users/dianpan/DBC/Can-I-Afford-This/spec/controllers/expenses_controller_spec.rb": [
        1,
        null,
        1,
        10,
        10,
        10,
        10,
        null,
        1,
        1,
        1,
        1,
        null,
        null,
        1,
        1,
        1,
        null,
        null,
        null,
        1,
        1,
        1,
        1,
        null,
        null,
        1,
        1,
        1,
        null,
        null,
        null,
        1,
        2,
        null,
        1,
        1,
        1,
        2,
        null,
        null,
        1,
        1,
        1,
        2,
        null,
        null,
        null,
        1,
        1,
        1,
        1,
        null,
        null,
        null,
        1,
        1,
        1,
        1,
        2,
        null,
        null,
        1,
        1,
        0,
        null,
        null,
        null,
        null,
        null
      ],
      "/Users/dianpan/DBC/Can-I-Afford-This/spec/rails_helper.rb": [
        null,
        1,
        1,
        null,
        1,
        1,
        1,
        null,
        null,
        null,
        null,
        null,
        null,
        null,
        null,
        null,
        null,
        null,
        null,
        null,
        null,
        null,
        2,
        null,
        null,
        null,
        1,
        null,
        1,
        null,
        1,
        null,
        null,
        null,
        null,
        1,
        null,
        null,
        null,
        null,
        null,
        null,
        null,
        null,
        null,
        null,
        null,
        null,
        null,
        null,
        1,
        null
      ],
      "/Users/dianpan/DBC/Can-I-Afford-This/config/environment.rb": [
        null,
        1,
        null,
        null,
        1
      ],
      "/Users/dianpan/DBC/Can-I-Afford-This/config/application.rb": [
        1,
        null,
        1,
        null,
        1,
        1,
        1,
        1,
        1,
        1,
        1,
        null,
        null,
        null,
        null,
        1,
        null,
        1,
        1,
        null,
        null,
        null,
        null,
        null,
        null,
        null,
        null,
        null,
        null,
        null,
        null,
        null,
        1,
        null,
        null
      ],
      "/Users/dianpan/DBC/Can-I-Afford-This/config/boot.rb": [
        1,
        null,
        1
      ],
      "/Users/dianpan/DBC/Can-I-Afford-This/config/environments/test.rb": [
        1,
        null,
        null,
        null,
        null,
        null,
        null,
        1,
        null,
        null,
        null,
        null,
        1,
        null,
        null,
        1,
        1,
        null,
        null,
        1,
        1,
        null,
        null,
        1,
        null,
        null,
        1,
        null,
        null,
        null,
        null,
        1,
        null,
        null,
        1,
        null,
        null,
        1,
        null,
        null,
        null,
        null
      ],
      "/Users/dianpan/DBC/Can-I-Afford-This/config/initializers/assets.rb": [
        null,
        null,
        null,
        1,
        null,
        null,
        null,
        null,
        null,
        null,
        null
      ],
      "/Users/dianpan/DBC/Can-I-Afford-This/config/initializers/backtrace_silencers.rb": [
        null,
        null,
        null,
        null,
        null,
        null,
        null
      ],
      "/Users/dianpan/DBC/Can-I-Afford-This/config/initializers/cookies_serializer.rb": [
        null,
        null,
        1
      ],
      "/Users/dianpan/DBC/Can-I-Afford-This/config/initializers/filter_parameter_logging.rb": [
        null,
        null,
        null,
        1
      ],
      "/Users/dianpan/DBC/Can-I-Afford-This/config/initializers/inflections.rb": [
        null,
        null,
        null,
        null,
        null,
        null,
        null,
        null,
        null,
        null,
        null,
        null,
        null,
        null,
        null,
        null
      ],
      "/Users/dianpan/DBC/Can-I-Afford-This/config/initializers/mime_types.rb": [
        null,
        null,
        null,
        null
      ],
      "/Users/dianpan/DBC/Can-I-Afford-This/config/initializers/session_store.rb": [
        null,
        null,
        1
      ],
      "/Users/dianpan/DBC/Can-I-Afford-This/config/initializers/wrap_parameters.rb": [
        null,
        null,
        null,
        null,
        null,
        null,
        1,
        1,
        null,
        null,
        null,
        null,
        null,
        null
      ],
      "/Users/dianpan/DBC/Can-I-Afford-This/spec/factories/expense_types.rb": [
        1,
        1,
        10,
        null,
        null
      ],
      "/Users/dianpan/DBC/Can-I-Afford-This/spec/factories/expenses.rb": [
        1,
        1,
        1,
        1,
        11,
        null,
        null
      ],
      "/Users/dianpan/DBC/Can-I-Afford-This/spec/factories/purchase_types.rb": [
        1,
        1,
        11,
        null,
        null
      ],
      "/Users/dianpan/DBC/Can-I-Afford-This/spec/factories/purchases.rb": [
        1,
        1,
        1,
        1,
        12,
        12,
        null,
        null
      ],
      "/Users/dianpan/DBC/Can-I-Afford-This/spec/factories/savings.rb": [

      ],
      "/Users/dianpan/DBC/Can-I-Afford-This/spec/factories/users.rb": [
        1,
        1,
        1,
        1,
        1,
        null,
        null,
        1,
        1,
        1,
        1,
        null,
        null
      ],
      "/Users/dianpan/DBC/Can-I-Afford-This/app/models/user.rb": [
        1,
        1,
        1,
        1,
        null,
        1,
        null,
        1,
        1,
        1,
        null,
        null
      ],
      "/Users/dianpan/DBC/Can-I-Afford-This/config/routes.rb": [
        1,
        1,
        1,
        1,
        1,
        1,
        null,
        1,
        null,
        1,
        1,
        1,
        null,
        1,
        1,
        null,
        null,
        null,
        null,
        null,
        null,
        null,
        null,
        null,
        null,
        null,
        null,
        null,
        null,
        null,
        null,
        null,
        null,
        null,
        null,
        null,
        null,
        null,
        null,
        null,
        null,
        null,
        null,
        null,
        null,
        null,
        null,
        null,
        null,
        null,
        null,
        null,
        null,
        null,
        null,
        null,
        null,
        null,
        null,
        null,
        null,
        null,
        null,
        null,
        null,
        null,
        null,
        null,
        null,
        null,
        null,
        null,
        null,
        null
      ],
      "/Users/dianpan/DBC/Can-I-Afford-This/app/helpers/application_helper.rb": [
        1,
        null
      ],
      "/Users/dianpan/DBC/Can-I-Afford-This/spec/support/page_helpers/login_page_helper.rb": [
        1,
        1,
        null,
        1,
        10,
        10,
        null,
        null,
        1,
        10,
        10,
        10,
        10,
        null,
        10,
        10,
        null,
        null
      ],
      "/Users/dianpan/DBC/Can-I-Afford-This/app/controllers/expenses_controller.rb": [
        1,
        1,
        null,
        1,
        2,
        null,
        null,
        1,
        4,
        null,
        null,
        1,
        2,
        2,
        null,
        null,
        1,
        4,
        4,
        2,
        null,
        4,
        null,
        null,
        1,
        1,
        null,
        null,
        1,
        1,
        1,
        0,
        null,
        1,
        null,
        null,
        1,
        null,
        1,
        8,
        null,
        null,
        1,
        2,
        null,
        null,
        1,
        5,
        null,
        null
      ],
      "/Users/dianpan/DBC/Can-I-Afford-This/app/controllers/application_controller.rb": [
        1,
        null,
        null,
        1,
        null,
        1,
        null,
        1,
        0,
        0,
        null,
        null,
        null,
        null,
        null,
        1,
        37,
        null,
        null,
        null
      ],
      "/Users/dianpan/DBC/Can-I-Afford-This/spec/controllers/purchases_controller_spec.rb": [
        1,
        null,
        1,
        1,
        10,
        null,
        11,
        11,
        11,
        null,
        1,
        1,
        1,
        1,
        null,
        null,
        1,
        1,
        1,
        null,
        null,
        null,
        1,
        1,
        1,
        1,
        null,
        null,
        1,
        1,
        1,
        null,
        null,
        null,
        1,
        2,
        null,
        1,
        1,
        1,
        2,
        null,
        null,
        1,
        1,
        1,
        2,
        null,
        null,
        null,
        1,
        1,
        1,
        1,
        null,
        null,
        null,
        1,
        1,
        1,
        1,
        2,
        null,
        null,
        1,
        1,
        0,
        null,
        null,
        null,
        null,
        1,
        1,
        1,
        1,
        2,
        null,
        null,
        null,
        null
      ],
      "/Users/dianpan/DBC/Can-I-Afford-This/app/controllers/purchases_controller.rb": [
        1,
        1,
        null,
        1,
        2,
        2,
        null,
        null,
        1,
        2,
        null,
        null,
        1,
        0,
        null,
        null,
        1,
        2,
        2,
        1,
        null,
        2,
        null,
        null,
        1,
        1,
        null,
        null,
        1,
        1,
        1,
        1,
        null,
        0,
        0,
        null,
        null,
        null,
        1,
        1,
        1,
        1,
        null,
        null,
        null,
        1,
        null,
        1,
        7,
        null,
        null,
        1,
        3,
        null,
        null
      ],
      "/Users/dianpan/DBC/Can-I-Afford-This/spec/controllers/savings_controller_spec.rb": [

      ],
      "/Users/dianpan/DBC/Can-I-Afford-This/spec/controllers/users_controller_spec.rb": [
        1,
        null,
        1,
        1,
        1,
        1,
        1,
        null,
        null,
        null,
        1,
        1,
        1,
        null,
        1,
        1,
        1,
        null,
        null,
        null,
        1,
        1,
        3,
        null,
        1,
        1,
        1,
        null,
        null,
        1,
        4,
        null,
        null,
        null,
        1,
        1,
        1,
        1,
        null,
        null,
        1,
        1,
        1,
        null,
        null,
        null,
        null
      ],
      "/Users/dianpan/DBC/Can-I-Afford-This/app/controllers/users_controller.rb": [
        1,
        1,
        2,
        null,
        null,
        1,
        6,
        null,
        null,
        1,
        4,
        4,
        2,
        2,
        2,
        null,
        2,
        2,
        null,
        null,
        null,
        1,
        0,
        0,
        0,
        null,
        0,
        null,
        null,
        1,
        1,
        4,
        null,
        null
      ],
      "/Users/dianpan/DBC/Can-I-Afford-This/spec/features/expenses_spec.rb": [
        1,
        null,
        1,
        1,
        1,
        1,
        0,
        0,
        null,
        null,
        1,
        null,
        null
      ],
      "/Users/dianpan/DBC/Can-I-Afford-This/spec/features/login_logout_spec.rb": [
        1,
        null,
        1,
        5,
        5,
        1,
        4,
        4,
        null,
        null,
        1,
        1,
        1,
        null,
        null,
        null,
        1,
        1,
        1,
        null,
        null,
        1,
        1,
        1,
        null,
        null,
        1,
        1,
        1,
        null,
        1,
        1,
        null,
        null,
        null
      ],
      "/Users/dianpan/DBC/Can-I-Afford-This/spec/features/savings_spec.rb": [
        1,
        null,
        1,
        4,
        4,
        1,
        3,
        3,
        null,
        null,
        1,
        1,
        1,
        1,
        null,
        null,
        1,
        1,
        1,
        1,
        1,
        1,
        null,
        null,
        1,
        1,
        1,
        1,
        1,
        1,
        null,
        null,
        null
      ],
      "/Users/dianpan/DBC/Can-I-Afford-This/spec/features/user_expense_vs_income_spec.rb": [
        1,
        null,
        1,
        4,
        4,
        1,
        3,
        3,
        null,
        null,
        1,
        1,
        1,
        0,
        null,
        null,
        1,
        1,
        1,
        1,
        1,
        null,
        null,
        1,
        1,
        1,
        1,
        1,
        null,
        null,
        null
      ],
      "/Users/dianpan/DBC/Can-I-Afford-This/spec/features/user_signup_spec.rb": [
        1,
        null,
        1,
        1,
        1,
        1,
        1,
        null,
        null,
        1,
        1,
        1,
        1,
        null,
        null,
        1,
        0,
        0,
        0,
        0,
        0,
        null,
        0,
        null,
        null
      ],
      "/Users/dianpan/DBC/Can-I-Afford-This/app/models/expense_type.rb": [
        1,
        1,
        null,
        1,
        null
      ],
      "/Users/dianpan/DBC/Can-I-Afford-This/app/models/expense.rb": [
        1,
        1,
        1,
        null,
        1,
        1,
        null,
        1,
        5,
        null,
        null
      ],
      "/Users/dianpan/DBC/Can-I-Afford-This/app/models/purchase_type.rb": [
        1,
        1,
        null,
        1,
        null
      ],
      "/Users/dianpan/DBC/Can-I-Afford-This/app/models/purchase.rb": [
        1,
        1,
        1,
        1,
        null,
        1,
        1,
        null,
        1,
        5,
        null,
        null
      ],
      "/Users/dianpan/DBC/Can-I-Afford-This/app/controllers/welcome_controller.rb": [
        1,
        1,
        24,
        null,
        null
      ],
      "/Users/dianpan/DBC/Can-I-Afford-This/app/controllers/sessions_controller.rb": [
        1,
        null,
        1,
        1,
        null,
        null,
        1,
        10,
        10,
        10,
        10,
        null,
        0,
        0,
        null,
        null,
        null,
        1,
        2,
        2,
        2,
        null,
        null,
        1,
        1,
        20,
        null,
        null,
        null
      ],
      "/Users/dianpan/DBC/Can-I-Afford-This/app/models/saving.rb": [
        1,
        1,
        1,
        null,
        1,
        null,
        1,
        5,
        null,
        null,
        null
      ],
      "/Users/dianpan/DBC/Can-I-Afford-This/app/controllers/savings_controller.rb": [
        1,
        1,
        null,
        1,
        2,
        null,
        null,
        1,
        2,
        2,
        2,
        null,
        null,
        1,
        1,
        2,
        null,
        null,
        1,
        4,
        null,
        null
      ]
    },
    "timestamp": 1444597270
  }
}
