{
  "RSpec": {
    "coverage": {
      "/Users/dianpan/DBC/Can-I-Afford-This/spec/models/purchase_spec.rb": [
        1,
        null,
        1,
        1,
        1,
        null,
        null,
        null,
        1,
        null,
        1,
        1,
        1,
        1,
        null,
        1,
        1,
        1,
        1,
        null,
        1,
        1,
        1,
        null,
        1,
        1,
        1,
        1,
        null,
        1,
        1,
        1,
        1,
        null,
        1,
        1,
        1,
        1,
        null,
        1,
        1,
        1,
        1,
        null,
        1,
        1,
        1,
        1,
        null,
        1,
        1,
        1,
        1,
        null,
        1,
        1,
        1,
        1,
        1,
        null,
        1,
        1,
        1,
        1,
        1,
        null,
        1,
        1,
        1,
        1,
        1,
        null,
        1,
        1,
        1,
        1,
        null,
        1,
        1,
        1,
        1,
        null,
        1,
        1,
        1,
        1,
        1,
        null,
        1,
        1,
        1,
        1,
        1,
        null,
        null
      ],
      "/Users/dianpan/DBC/Can-I-Afford-This/spec/rails_helper.rb": [
        null,
        1,
        1,
        null,
        1,
        1,
        1,
        null,
        null,
        null,
        null,
        null,
        null,
        null,
        null,
        null,
        null,
        null,
        null,
        null,
        null,
        null,
        2,
        null,
        null,
        null,
        1,
        null,
        1,
        null,
        1,
        null,
        null,
        null,
        null,
        1,
        null,
        null,
        null,
        null,
        null,
        null,
        null,
        null,
        null,
        null,
        null,
        null,
        null,
        null,
        1,
        null
      ],
      "/Users/dianpan/DBC/Can-I-Afford-This/config/environment.rb": [
        null,
        1,
        null,
        null,
        1
      ],
      "/Users/dianpan/DBC/Can-I-Afford-This/config/application.rb": [
        1,
        null,
        1,
        null,
        1,
        1,
        1,
        1,
        1,
        1,
        1,
        null,
        null,
        null,
        null,
        1,
        null,
        1,
        1,
        null,
        null,
        null,
        null,
        null,
        null,
        null,
        null,
        null,
        null,
        null,
        null,
        null,
        1,
        null,
        null
      ],
      "/Users/dianpan/DBC/Can-I-Afford-This/config/boot.rb": [
        1,
        null,
        1
      ],
      "/Users/dianpan/DBC/Can-I-Afford-This/config/environments/test.rb": [
        1,
        null,
        null,
        null,
        null,
        null,
        null,
        1,
        null,
        null,
        null,
        null,
        1,
        null,
        null,
        1,
        1,
        null,
        null,
        1,
        1,
        null,
        null,
        1,
        null,
        null,
        1,
        null,
        null,
        null,
        null,
        1,
        null,
        null,
        1,
        null,
        null,
        1,
        null,
        null,
        null,
        null
      ],
      "/Users/dianpan/DBC/Can-I-Afford-This/config/initializers/assets.rb": [
        null,
        null,
        null,
        1,
        null,
        null,
        null,
        null,
        null,
        null,
        null
      ],
      "/Users/dianpan/DBC/Can-I-Afford-This/config/initializers/backtrace_silencers.rb": [
        null,
        null,
        null,
        null,
        null,
        null,
        null
      ],
      "/Users/dianpan/DBC/Can-I-Afford-This/config/initializers/cookies_serializer.rb": [
        null,
        null,
        1
      ],
      "/Users/dianpan/DBC/Can-I-Afford-This/config/initializers/filter_parameter_logging.rb": [
        null,
        null,
        null,
        1
      ],
      "/Users/dianpan/DBC/Can-I-Afford-This/config/initializers/inflections.rb": [
        null,
        null,
        null,
        null,
        null,
        null,
        null,
        null,
        null,
        null,
        null,
        null,
        null,
        null,
        null,
        null
      ],
      "/Users/dianpan/DBC/Can-I-Afford-This/config/initializers/mime_types.rb": [
        null,
        null,
        null,
        null
      ],
      "/Users/dianpan/DBC/Can-I-Afford-This/config/initializers/session_store.rb": [
        null,
        null,
        1
      ],
      "/Users/dianpan/DBC/Can-I-Afford-This/config/initializers/wrap_parameters.rb": [
        null,
        null,
        null,
        null,
        null,
        null,
        1,
        1,
        null,
        null,
        null,
        null,
        null,
        null
      ],
      "/Users/dianpan/DBC/Can-I-Afford-This/spec/factories/expense_types.rb": [
        1,
        1,
        1,
        null,
        null
      ],
      "/Users/dianpan/DBC/Can-I-Afford-This/spec/factories/expenses.rb": [
        1,
        1,
        1,
        1,
        1,
        null,
        null
      ],
      "/Users/dianpan/DBC/Can-I-Afford-This/spec/factories/purchase_types.rb": [
        1,
        1,
        1,
        null,
        null
      ],
      "/Users/dianpan/DBC/Can-I-Afford-This/spec/factories/purchases.rb": [
        1,
        1,
        1,
        1,
        1,
        1,
        null,
        null
      ],
      "/Users/dianpan/DBC/Can-I-Afford-This/spec/factories/savings.rb": [

      ],
      "/Users/dianpan/DBC/Can-I-Afford-This/spec/factories/users.rb": [
        1,
        1,
        1,
        1,
        1,
        null,
        null,
        1,
        1,
        1,
        1,
        null,
        null
      ],
      "/Users/dianpan/DBC/Can-I-Afford-This/app/models/user.rb": [
        1,
        1,
        1,
        1,
        null,
        1,
        null,
        1,
        1,
        1,
        null,
        1,
        0,
        null,
        null,
        1,
        0,
        null,
        null,
        1,
        0,
        null,
        null,
        1,
        0,
        null,
        null,
        1,
        0,
        null,
        null,
        1,
        0,
        null,
        null,
        null
      ],
      "/Users/dianpan/DBC/Can-I-Afford-This/config/routes.rb": [
        1,
        1,
        1,
        1,
        1,
        1,
        1,
        1,
        null,
        1,
        1,
        null,
        1,
        1,
        1,
        null,
        1,
        1,
        null,
        1,
        null,
        1,
        null,
        null,
        null,
        null,
        null,
        null,
        null,
        null,
        null,
        null,
        null,
        null,
        null,
        null,
        null,
        null,
        null,
        null,
        null,
        null,
        null,
        null,
        null,
        null,
        null,
        null,
        null,
        null,
        null,
        null,
        null,
        null,
        null,
        null,
        null,
        null,
        null,
        null,
        null,
        null,
        null,
        null,
        null,
        null,
        null,
        null,
        null,
        null,
        null,
        null,
        null,
        null,
        null,
        null,
        null,
        null,
        null,
        null,
        null
      ],
      "/Users/dianpan/DBC/Can-I-Afford-This/app/helpers/application_helper.rb": [
        1,
        null
      ],
      "/Users/dianpan/DBC/Can-I-Afford-This/spec/support/page_helpers/login_page_helper.rb": [
        1,
        1,
        null,
        1,
        0,
        0,
        null,
        null,
        1,
        0,
        0,
        0,
        0,
        null,
        0,
        0,
        null,
        null
      ],
      "/Users/dianpan/DBC/Can-I-Afford-This/app/models/purchase.rb": [
        1,
        1,
        1,
        1,
        null,
        1,
        1,
        null,
        1,
        null,
        1,
        0,
        null,
        null,
        1,
        13,
        null,
        2,
        2,
        9,
        null,
        null,
        null,
        1,
        5,
        null,
        1,
        1,
        3,
        null,
        null,
        null,
        1,
        null,
        4,
        4,
        null,
        null,
        null,
        1,
        4,
        null,
        null,
        1,
        3,
        null,
        null,
        1,
        3,
        null,
        null,
        1,
        2,
        null,
        null,
        1,
        2,
        null,
        null,
        1,
        1,
        null,
        null,
        null
      ],
      "/Users/dianpan/DBC/Can-I-Afford-This/app/models/expense.rb": [
        1,
        1,
        1,
        null,
        1,
        1,
        null,
        1,
        4,
        null,
        null,
        1,
        0,
        0,
        null,
        null,
        null,
        1,
        0,
        0,
        0,
        0,
        null,
        null,
        1,
        0,
        null,
        null
      ]
    },
    "timestamp": 1444792333
  }
}
